<?xml version="1.0" encoding="UTF-8"?>
<!-- Generated by org.testng.reporters.JUnitXMLReporter -->
<testsuite ignored="0" hostname="pranii" failures="0" tests="4" name="Default test" time="11.748" errors="0" timestamp="2025-02-11T21:15:18 IST">
  <testcase classname="api.Tests.userTests" name="testCreateUser" time="4.214"/>
  <testcase classname="api.Tests.userTests" name="testGetUserByName" time="1.722"/>
  <testcase classname="api.Tests.userTests" name="testUpdateUserByName" time="3.835"/>
  <testcase classname="api.Tests.userTests" name="testDeleteUserByName" time="1.596"/>
</testsuite> <!-- Default test -->
