<?xml version="1.0" encoding="UTF-8"?>
<!-- Generated by org.testng.reporters.JUnitXMLReporter -->
<testsuite ignored="0" hostname="pranii" failures="0" tests="4" name="Test" time="10.525" errors="0" timestamp="2025-02-12T21:27:34 IST">
  <testcase classname="api.Tests.userTests" name="testCreateUser" time="3.687"/>
  <testcase classname="api.Tests.userTests" name="testGetUserByName" time="1.692"/>
  <testcase classname="api.Tests.userTests" name="testUpdateUserByName" time="3.048"/>
  <testcase classname="api.Tests.userTests" name="testDeleteUserByName" time="1.584"/>
</testsuite> <!-- Test -->
