<?xml version="1.0" encoding="UTF-8"?>
<testng-results ignored="0" total="4" passed="4" failed="0" skipped="0">
  <reporter-output>
  </reporter-output>
  <suite started-at="2025-02-12T21:27:22 IST" name="Suite" finished-at="2025-02-12T21:27:33 IST" duration-ms="10525">
    <groups>
    </groups>
    <test started-at="2025-02-12T21:27:22 IST" name="Test" finished-at="2025-02-12T21:27:33 IST" duration-ms="10525">
      <class name="api.Tests.userTests">
        <test-method is-config="true" signature="setData()[pri:0, instance:api.Tests.userTests@4a94ee4]" started-at="2025-02-12T21:27:23 IST" name="setData" finished-at="2025-02-12T21:27:23 IST" duration-ms="242" status="PASS">
          <reporter-output>
          </reporter-output>
        </test-method> <!-- setData -->
        <test-method signature="testCreateUser(org.testng.ITestContext)[pri:0, instance:api.Tests.userTests@4a94ee4]" started-at="2025-02-12T21:27:23 IST" name="testCreateUser" finished-at="2025-02-12T21:27:27 IST" duration-ms="3687" status="PASS">
          <params>
            <param index="0">
              <value>
                <![CDATA[org.testng.TestRunner@45aca496]]>
              </value>
            </param>
          </params>
          <reporter-output>
          </reporter-output>
        </test-method> <!-- testCreateUser -->
        <test-method signature="testGetUserByName()[pri:1, instance:api.Tests.userTests@4a94ee4]" started-at="2025-02-12T21:27:27 IST" name="testGetUserByName" finished-at="2025-02-12T21:27:28 IST" duration-ms="1692" status="PASS">
          <reporter-output>
          </reporter-output>
        </test-method> <!-- testGetUserByName -->
        <test-method signature="testUpdateUserByName()[pri:2, instance:api.Tests.userTests@4a94ee4]" started-at="2025-02-12T21:27:28 IST" name="testUpdateUserByName" finished-at="2025-02-12T21:27:31 IST" duration-ms="3048" status="PASS">
          <reporter-output>
          </reporter-output>
        </test-method> <!-- testUpdateUserByName -->
        <test-method signature="testDeleteUserByName()[pri:3, instance:api.Tests.userTests@4a94ee4]" started-at="2025-02-12T21:27:31 IST" name="testDeleteUserByName" finished-at="2025-02-12T21:27:33 IST" duration-ms="1584" status="PASS">
          <reporter-output>
          </reporter-output>
        </test-method> <!-- testDeleteUserByName -->
      </class> <!-- api.Tests.userTests -->
    </test> <!-- Test -->
  </suite> <!-- Suite -->
</testng-results>
