<?xml version="1.0" encoding="UTF-8"?>
<testng-results ignored="0" total="4" passed="4" failed="0" skipped="0">
  <reporter-output>
  </reporter-output>
  <suite started-at="2025-02-12T18:32:20 IST" name="Suite" finished-at="2025-02-12T18:32:30 IST" duration-ms="9735">
    <groups>
    </groups>
    <test started-at="2025-02-12T18:32:20 IST" name="Test" finished-at="2025-02-12T18:32:30 IST" duration-ms="9735">
      <class name="api.Tests.userTests">
        <test-method is-config="true" signature="setData()[pri:0, instance:api.Tests.userTests@3b0fe47a]" started-at="2025-02-12T18:32:21 IST" name="setData" finished-at="2025-02-12T18:32:21 IST" duration-ms="233" status="PASS">
          <reporter-output>
          </reporter-output>
        </test-method> <!-- setData -->
        <test-method signature="testCreateUser(org.testng.ITestContext)[pri:0, instance:api.Tests.userTests@3b0fe47a]" started-at="2025-02-12T18:32:21 IST" name="testCreateUser" finished-at="2025-02-12T18:32:25 IST" duration-ms="3609" status="PASS">
          <params>
            <param index="0">
              <value>
                <![CDATA[org.testng.TestRunner@3290b1a6]]>
              </value>
            </param>
          </params>
          <reporter-output>
          </reporter-output>
        </test-method> <!-- testCreateUser -->
        <test-method signature="testGetUserByName()[pri:1, instance:api.Tests.userTests@3b0fe47a]" started-at="2025-02-12T18:32:25 IST" name="testGetUserByName" finished-at="2025-02-12T18:32:26 IST" duration-ms="1331" status="PASS">
          <reporter-output>
          </reporter-output>
        </test-method> <!-- testGetUserByName -->
        <test-method signature="testUpdateUserByName()[pri:2, instance:api.Tests.userTests@3b0fe47a]" started-at="2025-02-12T18:32:26 IST" name="testUpdateUserByName" finished-at="2025-02-12T18:32:29 IST" duration-ms="2877" status="PASS">
          <reporter-output>
          </reporter-output>
        </test-method> <!-- testUpdateUserByName -->
        <test-method signature="testDeleteUserByName()[pri:3, instance:api.Tests.userTests@3b0fe47a]" started-at="2025-02-12T18:32:29 IST" name="testDeleteUserByName" finished-at="2025-02-12T18:32:30 IST" duration-ms="1266" status="PASS">
          <reporter-output>
          </reporter-output>
        </test-method> <!-- testDeleteUserByName -->
      </class> <!-- api.Tests.userTests -->
    </test> <!-- Test -->
  </suite> <!-- Suite -->
</testng-results>
